Build started 19/05/2014 11:01:38 PM.
     1>Project "C:\private\dev\project\VS\Practice\HClient sample application\C++\hclient.vcxproj" on node 2 (Build target(s)).
     1>ClCompile:
         C:\Program Files (x86)\Microsoft Visual Studio 12.0\VC\bin\CL.exe /c /IWin7Debug\ /Zi /nologo /W4 /WX /Od /Oy- /D _X86_=1 /D i386=1 /D STD_CALL /D WIN32_LEAN_AND_MEAN=1 /D _WIN32_WINNT=0x0601 /D WINVER=0x0601 /D WINNT=1 /D NTDDI_VERSION=0x06010000 /D DBG=1 /Gm- /RTC1 /MDd /GS /fp:precise /Zc:wchar_t- /Zc:forScope /Fo"Win7Debug\\" /Fd"Win7Debug\vc120.pdb" /Gz /TC /FI"C:\Program Files (x86)\Windows Kits\8.1\Include\Shared\warning.h" /analyze- /errorReport:prompt buffers.c ecdisp.c hclient.c pnp.c report.c strings.c
         buffers.c
         ecdisp.c
         hclient.c
         pnp.c
         report.c
         strings.c
         Generating Code...
       ResourceCompile:
         C:\Program Files (x86)\Windows Kits\8.1\bin\x86\rc.exe /D _X86_=1 /D i386=1 /D STD_CALL /D WIN32_LEAN_AND_MEAN=1 /D _WIN32_WINNT=0x0601 /D WINVER=0x0601 /D WINNT=1 /D NTDDI_VERSION=0x06010000 /D DBG=1 /D "SMP_ID=\\\"{B9877F5D-3A39-4E46-9CF7-4FA6D349413E}\\\"" /l"0x0409" /IWin7Debug\ /nologo /fo"Win7Debug\hclient.res" hclient.rc 
       Link:
         C:\Program Files (x86)\Microsoft Visual Studio 12.0\VC\bin\link.exe /ERRORREPORT:PROMPT /OUT:"Win7Debug\hclient.exe" /INCREMENTAL:NO /NOLOGO /WX kernel32.lib user32.lib gdi32.lib winspool.lib comdlg32.lib advapi32.lib shell32.lib ole32.lib oleaut32.lib uuid.lib odbc32.lib odbccp32.lib hid.lib setupapi.lib comdlg32.lib shell32.lib /MANIFEST /MANIFESTUAC:"level='asInvoker' uiAccess='false'" /manifest:embed /DEBUG /PDB:"Win7Debug\hclient.pdb" /TLBID:1 /DYNAMICBASE /NXCOMPAT /IMPLIB:"Win7Debug\hclient.lib" /MACHINE:X86 /IGNORE:4198,4010,4037,4039,4065,4070,4078,4087,4089,4221 Win7Debug\hclient.res
         Win7Debug\buffers.obj
         Win7Debug\ecdisp.obj
         Win7Debug\hclient.obj
         Win7Debug\pnp.obj
         Win7Debug\report.obj
         Win7Debug\strings.obj
         hclient.vcxproj -> C:\private\dev\project\VS\Practice\HClient sample application\C++\Win7Debug\hclient.exe
     1>Done Building Project "C:\private\dev\project\VS\Practice\HClient sample application\C++\hclient.vcxproj" (Build target(s)).

Build succeeded.

Time Elapsed 00:00:03.93
